[DEBUG] 2019-02-25 19:07:43.742 [main] IntegratorServiceImpl - Adding Integrator [org.hibernate.cfg.beanvalidation.BeanValidationIntegrator].
[DEBUG] 2019-02-25 19:07:43.764 [main] IntegratorServiceImpl - Adding Integrator [org.hibernate.secure.spi.JaccIntegrator].
[DEBUG] 2019-02-25 19:07:43.775 [main] IntegratorServiceImpl - Adding Integrator [org.hibernate.cache.internal.CollectionCacheInvalidator].
[INFO ] 2019-02-25 19:07:44.021 [main] Version - HHH000412: Hibernate Core {5.2.12.Final}
[INFO ] 2019-02-25 19:07:44.026 [main] Environment - HHH000206: hibernate.properties not found
[DEBUG] 2019-02-25 19:07:44.162 [main] LocalXmlResourceResolver - Interpreting public/system identifier : [-//Hibernate/Hibernate Configuration DTD//EN] - [http://www.hibernate.org/dtd/hibernate-configuration-3.0.dtd]
[DEBUG] 2019-02-25 19:07:44.164 [main] LocalXmlResourceResolver - Recognized hibernate-configuration identifier; attempting to resolve on classpath under org/hibernate/
[DEBUG] 2019-02-25 19:07:44.175 [main] JaxbCfgProcessor - cfg.xml document did not define namespaces; wrapping in custom event reader to introduce namespace information
[DEBUG] 2019-02-25 19:07:44.590 [main] ServiceBinding - Overriding existing service binding [org.hibernate.secure.spi.JaccService]
[DEBUG] 2019-02-25 19:07:44.644 [main] RegionFactoryInitiator - Cache region factory : org.hibernate.cache.internal.NoCachingRegionFactory
[INFO ] 2019-02-25 19:07:44.664 [main] Version - HCANN000001: Hibernate Commons Annotations {5.0.1.Final}
[DEBUG] 2019-02-25 19:07:44.761 [main] BasicTypeRegistry - Adding type registration boolean -> org.hibernate.type.BooleanType@1f9e9475
[DEBUG] 2019-02-25 19:07:44.761 [main] BasicTypeRegistry - Adding type registration boolean -> org.hibernate.type.BooleanType@1f9e9475
[DEBUG] 2019-02-25 19:07:44.761 [main] BasicTypeRegistry - Adding type registration java.lang.Boolean -> org.hibernate.type.BooleanType@1f9e9475
[DEBUG] 2019-02-25 19:07:44.768 [main] BasicTypeRegistry - Adding type registration numeric_boolean -> org.hibernate.type.NumericBooleanType@14dd7b39
[DEBUG] 2019-02-25 19:07:44.768 [main] BasicTypeRegistry - Adding type registration true_false -> org.hibernate.type.TrueFalseType@f68f0dc
[DEBUG] 2019-02-25 19:07:44.768 [main] BasicTypeRegistry - Adding type registration yes_no -> org.hibernate.type.YesNoType@12591ac8
[DEBUG] 2019-02-25 19:07:44.768 [main] BasicTypeRegistry - Adding type registration byte -> org.hibernate.type.ByteType@7dc19a70
[DEBUG] 2019-02-25 19:07:44.768 [main] BasicTypeRegistry - Adding type registration byte -> org.hibernate.type.ByteType@7dc19a70
[DEBUG] 2019-02-25 19:07:44.768 [main] BasicTypeRegistry - Adding type registration java.lang.Byte -> org.hibernate.type.ByteType@7dc19a70
[DEBUG] 2019-02-25 19:07:44.768 [main] BasicTypeRegistry - Adding type registration character -> org.hibernate.type.CharacterType@798162bc
[DEBUG] 2019-02-25 19:07:44.768 [main] BasicTypeRegistry - Adding type registration char -> org.hibernate.type.CharacterType@798162bc
[DEBUG] 2019-02-25 19:07:44.768 [main] BasicTypeRegistry - Adding type registration java.lang.Character -> org.hibernate.type.CharacterType@798162bc
[DEBUG] 2019-02-25 19:07:44.784 [main] BasicTypeRegistry - Adding type registration short -> org.hibernate.type.ShortType@1f9f6368
[DEBUG] 2019-02-25 19:07:44.784 [main] BasicTypeRegistry - Adding type registration short -> org.hibernate.type.ShortType@1f9f6368
[DEBUG] 2019-02-25 19:07:44.790 [main] BasicTypeRegistry - Adding type registration java.lang.Short -> org.hibernate.type.ShortType@1f9f6368
[DEBUG] 2019-02-25 19:07:44.791 [main] BasicTypeRegistry - Adding type registration integer -> org.hibernate.type.IntegerType@69ee81fc
[DEBUG] 2019-02-25 19:07:44.795 [main] BasicTypeRegistry - Adding type registration int -> org.hibernate.type.IntegerType@69ee81fc
[DEBUG] 2019-02-25 19:07:44.796 [main] BasicTypeRegistry - Adding type registration java.lang.Integer -> org.hibernate.type.IntegerType@69ee81fc
[DEBUG] 2019-02-25 19:07:44.796 [main] BasicTypeRegistry - Adding type registration long -> org.hibernate.type.LongType@3b35a229
[DEBUG] 2019-02-25 19:07:44.802 [main] BasicTypeRegistry - Adding type registration long -> org.hibernate.type.LongType@3b35a229
[DEBUG] 2019-02-25 19:07:44.802 [main] BasicTypeRegistry - Adding type registration java.lang.Long -> org.hibernate.type.LongType@3b35a229
[DEBUG] 2019-02-25 19:07:44.811 [main] BasicTypeRegistry - Adding type registration float -> org.hibernate.type.FloatType@49b2a47d
[DEBUG] 2019-02-25 19:07:44.811 [main] BasicTypeRegistry - Adding type registration float -> org.hibernate.type.FloatType@49b2a47d
[DEBUG] 2019-02-25 19:07:44.811 [main] BasicTypeRegistry - Adding type registration java.lang.Float -> org.hibernate.type.FloatType@49b2a47d
[DEBUG] 2019-02-25 19:07:44.812 [main] BasicTypeRegistry - Adding type registration double -> org.hibernate.type.DoubleType@21be3395
[DEBUG] 2019-02-25 19:07:44.812 [main] BasicTypeRegistry - Adding type registration double -> org.hibernate.type.DoubleType@21be3395
[DEBUG] 2019-02-25 19:07:44.812 [main] BasicTypeRegistry - Adding type registration java.lang.Double -> org.hibernate.type.DoubleType@21be3395
[DEBUG] 2019-02-25 19:07:44.812 [main] BasicTypeRegistry - Adding type registration big_decimal -> org.hibernate.type.BigDecimalType@13526e59
[DEBUG] 2019-02-25 19:07:44.812 [main] BasicTypeRegistry - Adding type registration java.math.BigDecimal -> org.hibernate.type.BigDecimalType@13526e59
[DEBUG] 2019-02-25 19:07:44.812 [main] BasicTypeRegistry - Adding type registration big_integer -> org.hibernate.type.BigIntegerType@36804139
[DEBUG] 2019-02-25 19:07:44.812 [main] BasicTypeRegistry - Adding type registration java.math.BigInteger -> org.hibernate.type.BigIntegerType@36804139
[DEBUG] 2019-02-25 19:07:44.833 [main] BasicTypeRegistry - Adding type registration string -> org.hibernate.type.StringType@5c86dbc5
[DEBUG] 2019-02-25 19:07:44.834 [main] BasicTypeRegistry - Adding type registration java.lang.String -> org.hibernate.type.StringType@5c86dbc5
[DEBUG] 2019-02-25 19:07:44.835 [main] BasicTypeRegistry - Adding type registration nstring -> org.hibernate.type.StringNVarcharType@60db1c0e
[DEBUG] 2019-02-25 19:07:44.839 [main] BasicTypeRegistry - Adding type registration ncharacter -> org.hibernate.type.CharacterNCharType@2438dcd
[DEBUG] 2019-02-25 19:07:44.839 [main] BasicTypeRegistry - Adding type registration url -> org.hibernate.type.UrlType@3e2055d6
[DEBUG] 2019-02-25 19:07:44.839 [main] BasicTypeRegistry - Adding type registration java.net.URL -> org.hibernate.type.UrlType@3e2055d6
[DEBUG] 2019-02-25 19:07:44.839 [main] BasicTypeRegistry - Adding type registration Duration -> org.hibernate.type.DurationType@28194a50
[DEBUG] 2019-02-25 19:07:44.839 [main] BasicTypeRegistry - Adding type registration java.time.Duration -> org.hibernate.type.DurationType@28194a50
[DEBUG] 2019-02-25 19:07:44.908 [main] BasicTypeRegistry - Adding type registration Instant -> org.hibernate.type.InstantType@54e041a4
[DEBUG] 2019-02-25 19:07:44.908 [main] BasicTypeRegistry - Adding type registration java.time.Instant -> org.hibernate.type.InstantType@54e041a4
[DEBUG] 2019-02-25 19:07:44.913 [main] BasicTypeRegistry - Adding type registration LocalDateTime -> org.hibernate.type.LocalDateTimeType@238d68ff
[DEBUG] 2019-02-25 19:07:44.914 [main] BasicTypeRegistry - Adding type registration java.time.LocalDateTime -> org.hibernate.type.LocalDateTimeType@238d68ff
[DEBUG] 2019-02-25 19:07:44.917 [main] BasicTypeRegistry - Adding type registration LocalDate -> org.hibernate.type.LocalDateType@376a0d86
[DEBUG] 2019-02-25 19:07:44.917 [main] BasicTypeRegistry - Adding type registration java.time.LocalDate -> org.hibernate.type.LocalDateType@376a0d86
[DEBUG] 2019-02-25 19:07:44.924 [main] BasicTypeRegistry - Adding type registration LocalTime -> org.hibernate.type.LocalTimeType@6c7a164b
[DEBUG] 2019-02-25 19:07:44.925 [main] BasicTypeRegistry - Adding type registration java.time.LocalTime -> org.hibernate.type.LocalTimeType@6c7a164b
[DEBUG] 2019-02-25 19:07:44.927 [main] BasicTypeRegistry - Adding type registration OffsetDateTime -> org.hibernate.type.OffsetDateTimeType@638ef7ed
[DEBUG] 2019-02-25 19:07:44.927 [main] BasicTypeRegistry - Adding type registration java.time.OffsetDateTime -> org.hibernate.type.OffsetDateTimeType@638ef7ed
[DEBUG] 2019-02-25 19:07:44.930 [main] BasicTypeRegistry - Adding type registration OffsetTime -> org.hibernate.type.OffsetTimeType@776a6d9b
[DEBUG] 2019-02-25 19:07:44.931 [main] BasicTypeRegistry - Adding type registration java.time.OffsetTime -> org.hibernate.type.OffsetTimeType@776a6d9b
[DEBUG] 2019-02-25 19:07:44.940 [main] BasicTypeRegistry - Adding type registration ZonedDateTime -> org.hibernate.type.ZonedDateTimeType@70e38ce1
[DEBUG] 2019-02-25 19:07:44.941 [main] BasicTypeRegistry - Adding type registration java.time.ZonedDateTime -> org.hibernate.type.ZonedDateTimeType@70e38ce1
[DEBUG] 2019-02-25 19:07:44.946 [main] BasicTypeRegistry - Adding type registration date -> org.hibernate.type.DateType@163370c2
[DEBUG] 2019-02-25 19:07:44.946 [main] BasicTypeRegistry - Adding type registration java.sql.Date -> org.hibernate.type.DateType@163370c2
[DEBUG] 2019-02-25 19:07:44.948 [main] BasicTypeRegistry - Adding type registration time -> org.hibernate.type.TimeType@13d9cbf5
[DEBUG] 2019-02-25 19:07:44.949 [main] BasicTypeRegistry - Adding type registration java.sql.Time -> org.hibernate.type.TimeType@13d9cbf5
[DEBUG] 2019-02-25 19:07:44.952 [main] BasicTypeRegistry - Adding type registration timestamp -> org.hibernate.type.TimestampType@7b50df34
[DEBUG] 2019-02-25 19:07:44.952 [main] BasicTypeRegistry - Adding type registration java.sql.Timestamp -> org.hibernate.type.TimestampType@7b50df34
[DEBUG] 2019-02-25 19:07:44.952 [main] BasicTypeRegistry - Adding type registration java.util.Date -> org.hibernate.type.TimestampType@7b50df34
[DEBUG] 2019-02-25 19:07:44.955 [main] BasicTypeRegistry - Adding type registration dbtimestamp -> org.hibernate.type.DbTimestampType@19b843ba
[DEBUG] 2019-02-25 19:07:44.955 [main] BasicTypeRegistry - Adding type registration calendar -> org.hibernate.type.CalendarType@1ec9bd38
[DEBUG] 2019-02-25 19:07:44.959 [main] BasicTypeRegistry - Adding type registration java.util.Calendar -> org.hibernate.type.CalendarType@1ec9bd38
[DEBUG] 2019-02-25 19:07:44.959 [main] BasicTypeRegistry - Adding type registration java.util.GregorianCalendar -> org.hibernate.type.CalendarType@1ec9bd38
[DEBUG] 2019-02-25 19:07:44.963 [main] BasicTypeRegistry - Adding type registration calendar_date -> org.hibernate.type.CalendarDateType@6f8e8894
[DEBUG] 2019-02-25 19:07:44.964 [main] BasicTypeRegistry - Adding type registration locale -> org.hibernate.type.LocaleType@471a9022
[DEBUG] 2019-02-25 19:07:44.965 [main] BasicTypeRegistry - Adding type registration java.util.Locale -> org.hibernate.type.LocaleType@471a9022
[DEBUG] 2019-02-25 19:07:44.966 [main] BasicTypeRegistry - Adding type registration currency -> org.hibernate.type.CurrencyType@4b2c5e02
[DEBUG] 2019-02-25 19:07:44.966 [main] BasicTypeRegistry - Adding type registration java.util.Currency -> org.hibernate.type.CurrencyType@4b2c5e02
[DEBUG] 2019-02-25 19:07:44.969 [main] BasicTypeRegistry - Adding type registration timezone -> org.hibernate.type.TimeZoneType@6531a794
[DEBUG] 2019-02-25 19:07:44.972 [main] BasicTypeRegistry - Adding type registration java.util.TimeZone -> org.hibernate.type.TimeZoneType@6531a794
[DEBUG] 2019-02-25 19:07:44.974 [main] BasicTypeRegistry - Adding type registration class -> org.hibernate.type.ClassType@102cec62
[DEBUG] 2019-02-25 19:07:44.974 [main] BasicTypeRegistry - Adding type registration java.lang.Class -> org.hibernate.type.ClassType@102cec62
[DEBUG] 2019-02-25 19:07:45.085 [main] BasicTypeRegistry - Adding type registration uuid-binary -> org.hibernate.type.UUIDBinaryType@2415fc55
[DEBUG] 2019-02-25 19:07:45.086 [main] BasicTypeRegistry - Adding type registration java.util.UUID -> org.hibernate.type.UUIDBinaryType@2415fc55
[DEBUG] 2019-02-25 19:07:45.087 [main] BasicTypeRegistry - Adding type registration uuid-char -> org.hibernate.type.UUIDCharType@24c22fe
[DEBUG] 2019-02-25 19:07:45.091 [main] BasicTypeRegistry - Adding type registration binary -> org.hibernate.type.BinaryType@15a04efb
[DEBUG] 2019-02-25 19:07:45.091 [main] BasicTypeRegistry - Adding type registration byte[] -> org.hibernate.type.BinaryType@15a04efb
[DEBUG] 2019-02-25 19:07:45.091 [main] BasicTypeRegistry - Adding type registration [B -> org.hibernate.type.BinaryType@15a04efb
[DEBUG] 2019-02-25 19:07:45.095 [main] BasicTypeRegistry - Adding type registration wrapper-binary -> org.hibernate.type.WrapperBinaryType@3336e6b6
[DEBUG] 2019-02-25 19:07:45.095 [main] BasicTypeRegistry - Adding type registration Byte[] -> org.hibernate.type.WrapperBinaryType@3336e6b6
[DEBUG] 2019-02-25 19:07:45.095 [main] BasicTypeRegistry - Adding type registration [Ljava.lang.Byte; -> org.hibernate.type.WrapperBinaryType@3336e6b6
[DEBUG] 2019-02-25 19:07:45.098 [main] BasicTypeRegistry - Adding type registration row_version -> org.hibernate.type.RowVersionType@6f3187b0
[DEBUG] 2019-02-25 19:07:45.104 [main] BasicTypeRegistry - Adding type registration image -> org.hibernate.type.ImageType@42e25b0b
[DEBUG] 2019-02-25 19:07:45.106 [main] BasicTypeRegistry - Adding type registration characters -> org.hibernate.type.CharArrayType@6aa8e115
[DEBUG] 2019-02-25 19:07:45.106 [main] BasicTypeRegistry - Adding type registration char[] -> org.hibernate.type.CharArrayType@6aa8e115
[DEBUG] 2019-02-25 19:07:45.106 [main] BasicTypeRegistry - Adding type registration [C -> org.hibernate.type.CharArrayType@6aa8e115
[DEBUG] 2019-02-25 19:07:45.109 [main] BasicTypeRegistry - Adding type registration wrapper-characters -> org.hibernate.type.CharacterArrayType@239105a8
[DEBUG] 2019-02-25 19:07:45.109 [main] BasicTypeRegistry - Adding type registration [Ljava.lang.Character; -> org.hibernate.type.CharacterArrayType@239105a8
[DEBUG] 2019-02-25 19:07:45.109 [main] BasicTypeRegistry - Adding type registration Character[] -> org.hibernate.type.CharacterArrayType@239105a8
[DEBUG] 2019-02-25 19:07:45.110 [main] BasicTypeRegistry - Adding type registration text -> org.hibernate.type.TextType@1df8b5b8
[DEBUG] 2019-02-25 19:07:45.112 [main] BasicTypeRegistry - Adding type registration ntext -> org.hibernate.type.NTextType@4d6025c5
[DEBUG] 2019-02-25 19:07:45.123 [main] BasicTypeRegistry - Adding type registration blob -> org.hibernate.type.BlobType@1b266842
[DEBUG] 2019-02-25 19:07:45.123 [main] BasicTypeRegistry - Adding type registration java.sql.Blob -> org.hibernate.type.BlobType@1b266842
[DEBUG] 2019-02-25 19:07:45.123 [main] BasicTypeRegistry - Adding type registration materialized_blob -> org.hibernate.type.MaterializedBlobType@651aed93
[DEBUG] 2019-02-25 19:07:45.141 [main] BasicTypeRegistry - Adding type registration clob -> org.hibernate.type.ClobType@2b72cb8a
[DEBUG] 2019-02-25 19:07:45.141 [main] BasicTypeRegistry - Adding type registration java.sql.Clob -> org.hibernate.type.ClobType@2b72cb8a
[DEBUG] 2019-02-25 19:07:45.151 [main] BasicTypeRegistry - Adding type registration nclob -> org.hibernate.type.NClobType@4e07b95f
[DEBUG] 2019-02-25 19:07:45.151 [main] BasicTypeRegistry - Adding type registration java.sql.NClob -> org.hibernate.type.NClobType@4e07b95f
[DEBUG] 2019-02-25 19:07:45.152 [main] BasicTypeRegistry - Adding type registration materialized_clob -> org.hibernate.type.MaterializedClobType@3b79fd76
[DEBUG] 2019-02-25 19:07:45.155 [main] BasicTypeRegistry - Adding type registration materialized_nclob -> org.hibernate.type.MaterializedNClobType@1f81aa00
[DEBUG] 2019-02-25 19:07:45.156 [main] BasicTypeRegistry - Adding type registration serializable -> org.hibernate.type.SerializableType@797b0699
[DEBUG] 2019-02-25 19:07:45.170 [main] BasicTypeRegistry - Adding type registration object -> org.hibernate.type.ObjectType@4f704591
[DEBUG] 2019-02-25 19:07:45.170 [main] BasicTypeRegistry - Adding type registration java.lang.Object -> org.hibernate.type.ObjectType@4f704591
[DEBUG] 2019-02-25 19:07:45.172 [main] BasicTypeRegistry - Adding type registration imm_date -> org.hibernate.type.AdaptedImmutableType@3ddc6915
[DEBUG] 2019-02-25 19:07:45.172 [main] BasicTypeRegistry - Adding type registration imm_time -> org.hibernate.type.AdaptedImmutableType@704deff2
[DEBUG] 2019-02-25 19:07:45.172 [main] BasicTypeRegistry - Adding type registration imm_timestamp -> org.hibernate.type.AdaptedImmutableType@379614be
[DEBUG] 2019-02-25 19:07:45.172 [main] BasicTypeRegistry - Adding type registration imm_dbtimestamp -> org.hibernate.type.AdaptedImmutableType@404bbcbd
[DEBUG] 2019-02-25 19:07:45.173 [main] BasicTypeRegistry - Adding type registration imm_calendar -> org.hibernate.type.AdaptedImmutableType@1e81f160
[DEBUG] 2019-02-25 19:07:45.173 [main] BasicTypeRegistry - Adding type registration imm_calendar_date -> org.hibernate.type.AdaptedImmutableType@1acaf3d
[DEBUG] 2019-02-25 19:07:45.173 [main] BasicTypeRegistry - Adding type registration imm_binary -> org.hibernate.type.AdaptedImmutableType@6986852
[DEBUG] 2019-02-25 19:07:45.174 [main] BasicTypeRegistry - Adding type registration imm_serializable -> org.hibernate.type.AdaptedImmutableType@1bab8268
[INFO ] 2019-02-25 19:07:45.202 [main] C3P0ConnectionProvider - HHH010002: C3P0 using driver: com.mysql.jdbc.Driver at URL: jdbc:mysql://localhost:3306/test_income_experiences
[INFO ] 2019-02-25 19:07:45.207 [main] C3P0ConnectionProvider - HHH10001001: Connection properties: {user=hlaandahl, password=****}
[INFO ] 2019-02-25 19:07:45.207 [main] C3P0ConnectionProvider - HHH10001003: Autocommit mode: false
[INFO ] 2019-02-25 19:07:45.794 [main] C3P0ConnectionProvider - HHH10001007: JDBC isolation level: <unknown>
[DEBUG] 2019-02-25 19:07:46.468 [main] JdbcEnvironmentInitiator - Database ->
       name : MySQL
    version : 5.7.25-log
      major : 5
      minor : 7
[DEBUG] 2019-02-25 19:07:46.468 [main] JdbcEnvironmentInitiator - Driver ->
       name : MySQL Connector Java
    version : mysql-connector-java-5.1.39 ( Revision: 3289a357af6d09ecc1a10fd3c26e95183e5790ad )
      major : 5
      minor : 1
[DEBUG] 2019-02-25 19:07:46.468 [main] JdbcEnvironmentInitiator - JDBC version : 4.0
[INFO ] 2019-02-25 19:07:46.497 [main] Dialect - HHH000400: Using dialect: org.hibernate.dialect.MySQL5Dialect
[DEBUG] 2019-02-25 19:07:46.564 [main] IdentifierHelperBuilder - JDBC driver metadata reported database stores quoted identifiers in more than one case
[DEBUG] 2019-02-25 19:07:46.567 [main] IdentifierHelperBuilder - IdentifierCaseStrategy for both quoted and unquoted identifiers was set to the same strategy [LOWER]; that will likely lead to problems in schema update and validation if using quoted identifiers
[DEBUG] 2019-02-25 19:07:46.641 [main] DefaultIdentifierGeneratorFactory - Registering IdentifierGenerator strategy [uuid2] -> [org.hibernate.id.UUIDGenerator]
[DEBUG] 2019-02-25 19:07:46.641 [main] DefaultIdentifierGeneratorFactory - Registering IdentifierGenerator strategy [guid] -> [org.hibernate.id.GUIDGenerator]
[DEBUG] 2019-02-25 19:07:46.641 [main] DefaultIdentifierGeneratorFactory - Registering IdentifierGenerator strategy [uuid] -> [org.hibernate.id.UUIDHexGenerator]
[DEBUG] 2019-02-25 19:07:46.641 [main] DefaultIdentifierGeneratorFactory - Registering IdentifierGenerator strategy [uuid.hex] -> [org.hibernate.id.UUIDHexGenerator]
[DEBUG] 2019-02-25 19:07:46.651 [main] DefaultIdentifierGeneratorFactory - Registering IdentifierGenerator strategy [assigned] -> [org.hibernate.id.Assigned]
[DEBUG] 2019-02-25 19:07:46.653 [main] DefaultIdentifierGeneratorFactory - Registering IdentifierGenerator strategy [identity] -> [org.hibernate.id.IdentityGenerator]
[DEBUG] 2019-02-25 19:07:46.654 [main] DefaultIdentifierGeneratorFactory - Registering IdentifierGenerator strategy [select] -> [org.hibernate.id.SelectGenerator]
[DEBUG] 2019-02-25 19:07:46.656 [main] DefaultIdentifierGeneratorFactory - Registering IdentifierGenerator strategy [sequence] -> [org.hibernate.id.enhanced.SequenceStyleGenerator]
[DEBUG] 2019-02-25 19:07:46.656 [main] DefaultIdentifierGeneratorFactory - Registering IdentifierGenerator strategy [seqhilo] -> [org.hibernate.id.SequenceHiLoGenerator]
[DEBUG] 2019-02-25 19:07:46.656 [main] DefaultIdentifierGeneratorFactory - Registering IdentifierGenerator strategy [increment] -> [org.hibernate.id.IncrementGenerator]
[DEBUG] 2019-02-25 19:07:46.656 [main] DefaultIdentifierGeneratorFactory - Registering IdentifierGenerator strategy [foreign] -> [org.hibernate.id.ForeignGenerator]
[DEBUG] 2019-02-25 19:07:46.660 [main] DefaultIdentifierGeneratorFactory - Registering IdentifierGenerator strategy [sequence-identity] -> [org.hibernate.id.SequenceIdentityGenerator]
[DEBUG] 2019-02-25 19:07:46.660 [main] DefaultIdentifierGeneratorFactory - Registering IdentifierGenerator strategy [enhanced-sequence] -> [org.hibernate.id.enhanced.SequenceStyleGenerator]
[DEBUG] 2019-02-25 19:07:46.662 [main] DefaultIdentifierGeneratorFactory - Registering IdentifierGenerator strategy [enhanced-table] -> [org.hibernate.id.enhanced.TableGenerator]
[DEBUG] 2019-02-25 19:07:46.742 [main] Namespace - Created database namespace [logicalName=Name{catalog=null, schema=null}, physicalName=Name{catalog=null, schema=null}]
[DEBUG] 2019-02-25 19:07:46.788 [main] AnnotationBinder - Binding entity from annotated class: com.heidiaandahl.entity.User
[DEBUG] 2019-02-25 19:07:46.826 [main] Ejb3Column - Binding column: Ejb3DiscriminatorColumn{logicalColumnName'DTYPE', discriminatorTypeName='string'}
[DEBUG] 2019-02-25 19:07:46.846 [main] EntityBinder - Import with entity name User
[DEBUG] 2019-02-25 19:07:46.849 [main] EntityBinder - Bind entity com.heidiaandahl.entity.User on table user
[DEBUG] 2019-02-25 19:07:46.903 [main] Ejb3Column - Binding column: Ejb3Column{table=org.hibernate.mapping.Table(user), mappingColumn=id, insertable=true, updatable=true, unique=false}
[DEBUG] 2019-02-25 19:07:46.908 [main] PropertyBinder - MetadataSourceProcessor property id with lazy=false
[DEBUG] 2019-02-25 19:07:46.911 [main] AbstractPropertyHolder - Attempting to locate auto-apply AttributeConverter for property [com.heidiaandahl.entity.User:id]
[DEBUG] 2019-02-25 19:07:46.915 [main] SimpleValueBinder - building SimpleValue for id
[DEBUG] 2019-02-25 19:07:46.919 [main] PropertyBinder - Building property id
[DEBUG] 2019-02-25 19:07:46.932 [main] Ejb3Column - Binding column: Ejb3Column{table=org.hibernate.mapping.Table(user), mappingColumn=password, insertable=true, updatable=true, unique=false}
[DEBUG] 2019-02-25 19:07:46.932 [main] PropertyBinder - MetadataSourceProcessor property password with lazy=false
[DEBUG] 2019-02-25 19:07:46.932 [main] AbstractPropertyHolder - Attempting to locate auto-apply AttributeConverter for property [com.heidiaandahl.entity.User:password]
[DEBUG] 2019-02-25 19:07:46.932 [main] SimpleValueBinder - building SimpleValue for password
[DEBUG] 2019-02-25 19:07:46.933 [main] PropertyBinder - Building property password
[DEBUG] 2019-02-25 19:07:46.933 [main] Ejb3Column - Binding column: Ejb3Column{table=org.hibernate.mapping.Table(user), mappingColumn=role_id, insertable=true, updatable=true, unique=false}
[DEBUG] 2019-02-25 19:07:46.933 [main] PropertyBinder - MetadataSourceProcessor property role with lazy=false
[DEBUG] 2019-02-25 19:07:46.933 [main] AbstractPropertyHolder - Attempting to locate auto-apply AttributeConverter for property [com.heidiaandahl.entity.User:role]
[DEBUG] 2019-02-25 19:07:46.933 [main] SimpleValueBinder - building SimpleValue for role
[DEBUG] 2019-02-25 19:07:46.934 [main] PropertyBinder - Building property role
[DEBUG] 2019-02-25 19:07:46.934 [main] Ejb3Column - Binding column: Ejb3Column{table=org.hibernate.mapping.Table(user), mappingColumn=username, insertable=true, updatable=true, unique=false}
[DEBUG] 2019-02-25 19:07:46.934 [main] PropertyBinder - MetadataSourceProcessor property username with lazy=false
[DEBUG] 2019-02-25 19:07:46.934 [main] AbstractPropertyHolder - Attempting to locate auto-apply AttributeConverter for property [com.heidiaandahl.entity.User:username]
[DEBUG] 2019-02-25 19:07:46.934 [main] SimpleValueBinder - building SimpleValue for username
[DEBUG] 2019-02-25 19:07:46.934 [main] PropertyBinder - Building property username
[DEBUG] 2019-02-25 19:07:46.936 [main] SimpleValueBinder - Starting fillSimpleValue for id
[DEBUG] 2019-02-25 19:07:46.936 [main] SimpleValueBinder - Starting fillSimpleValue for password
[DEBUG] 2019-02-25 19:07:46.936 [main] SimpleValueBinder - Starting fillSimpleValue for role
[DEBUG] 2019-02-25 19:07:46.936 [main] SimpleValueBinder - Starting fillSimpleValue for username
[DEBUG] 2019-02-25 19:07:46.936 [main] PrimaryKey - Forcing column [id] to be non-null as it is part of the primary key for table [user]
[DEBUG] 2019-02-25 19:07:47.013 [main] SessionFactoryImpl - Building session factory
[DEBUG] 2019-02-25 19:07:47.013 [main] Settings - SessionFactory name : null
[DEBUG] 2019-02-25 19:07:47.013 [main] Settings - Automatic flush during beforeCompletion(): enabled
[DEBUG] 2019-02-25 19:07:47.013 [main] Settings - Automatic session close at end of transaction: disabled
[DEBUG] 2019-02-25 19:07:47.013 [main] Settings - Statistics: disabled
[DEBUG] 2019-02-25 19:07:47.013 [main] Settings - Deleted entity synthetic identifier rollback: disabled
[DEBUG] 2019-02-25 19:07:47.013 [main] Settings - Default entity-mode: pojo
[DEBUG] 2019-02-25 19:07:47.013 [main] Settings - Check Nullability in Core (should be disabled when Bean Validation is on): enabled
[DEBUG] 2019-02-25 19:07:47.013 [main] Settings - Allow initialization of lazy state outside session : disabled
[DEBUG] 2019-02-25 19:07:47.013 [main] Settings - Using BatchFetchStyle : LEGACY
[DEBUG] 2019-02-25 19:07:47.019 [main] Settings - Default batch fetch size: -1
[DEBUG] 2019-02-25 19:07:47.019 [main] Settings - Maximum outer join fetch depth: 2
[DEBUG] 2019-02-25 19:07:47.019 [main] Settings - Default null ordering: NONE
[DEBUG] 2019-02-25 19:07:47.019 [main] Settings - Order SQL updates by primary key: disabled
[DEBUG] 2019-02-25 19:07:47.019 [main] Settings - Order SQL inserts for batching: disabled
[DEBUG] 2019-02-25 19:07:47.019 [main] Settings - multi-tenancy strategy : NONE
[DEBUG] 2019-02-25 19:07:47.019 [main] Settings - JTA Track by Thread: enabled
[DEBUG] 2019-02-25 19:07:47.019 [main] Settings - Query language substitutions: {}
[DEBUG] 2019-02-25 19:07:47.020 [main] Settings - JPA query language strict compliance: disabled
[DEBUG] 2019-02-25 19:07:47.020 [main] Settings - Named query checking : enabled
[DEBUG] 2019-02-25 19:07:47.020 [main] Settings - Second-level cache: enabled
[DEBUG] 2019-02-25 19:07:47.020 [main] Settings - Second-level query cache: disabled
[DEBUG] 2019-02-25 19:07:47.020 [main] Settings - Second-level query cache factory: org.hibernate.cache.internal.StandardQueryCacheFactory@7383eae2
[DEBUG] 2019-02-25 19:07:47.020 [main] Settings - Second-level cache region prefix: null
[DEBUG] 2019-02-25 19:07:47.020 [main] Settings - Optimize second-level cache for minimal puts: disabled
[DEBUG] 2019-02-25 19:07:47.020 [main] Settings - Structured second-level cache entries: disabled
[DEBUG] 2019-02-25 19:07:47.020 [main] Settings - Second-level cache direct-reference entries: disabled
[DEBUG] 2019-02-25 19:07:47.021 [main] Settings - Automatic eviction of collection cache: disabled
[DEBUG] 2019-02-25 19:07:47.021 [main] Settings - JDBC batch size: 15
[DEBUG] 2019-02-25 19:07:47.021 [main] Settings - JDBC batch updates for versioned data: enabled
[DEBUG] 2019-02-25 19:07:47.021 [main] Settings - Scrollable result sets: enabled
[DEBUG] 2019-02-25 19:07:47.021 [main] Settings - Wrap result sets: disabled
[DEBUG] 2019-02-25 19:07:47.021 [main] Settings - JDBC3 getGeneratedKeys(): enabled
[DEBUG] 2019-02-25 19:07:47.021 [main] Settings - JDBC result set fetch size: null
[DEBUG] 2019-02-25 19:07:47.021 [main] Settings - Connection release mode: AFTER_TRANSACTION
[DEBUG] 2019-02-25 19:07:47.021 [main] Settings - Generate SQL with comments: disabled
[DEBUG] 2019-02-25 19:07:47.163 [main] SessionFactoryImpl - Session factory constructed with filter configurations : {}
[DEBUG] 2019-02-25 19:07:47.163 [main] SessionFactoryImpl - Instantiating session factory with properties: {sun.desktop=windows, awt.toolkit=sun.awt.windows.WToolkit, file.encoding.pkg=sun.io, java.specification.version=1.8, hibernate.c3p0.idle_test_period=3000, sun.cpu.isalist=amd64, sun.jnu.encoding=Cp1252, hibernate.c3p0.min_size=5, java.class.path=C:\Program Files\JetBrains\IntelliJ IDEA 2018.3.3\lib\idea_rt.jar;C:\Program Files\JetBrains\IntelliJ IDEA 2018.3.3\plugins\junit\lib\junit-rt.jar;C:\Program Files\JetBrains\IntelliJ IDEA 2018.3.3\plugins\junit\lib\junit5-rt.jar;C:\Program Files\Java\jdk1.8.0_202\jre\lib\charsets.jar;C:\Program Files\Java\jdk1.8.0_202\jre\lib\deploy.jar;C:\Program Files\Java\jdk1.8.0_202\jre\lib\ext\access-bridge-64.jar;C:\Program Files\Java\jdk1.8.0_202\jre\lib\ext\cldrdata.jar;C:\Program Files\Java\jdk1.8.0_202\jre\lib\ext\dnsns.jar;C:\Program Files\Java\jdk1.8.0_202\jre\lib\ext\jaccess.jar;C:\Program Files\Java\jdk1.8.0_202\jre\lib\ext\jfxrt.jar;C:\Program Files\Java\jdk1.8.0_202\jre\lib\ext\localedata.jar;C:\Program Files\Java\jdk1.8.0_202\jre\lib\ext\nashorn.jar;C:\Program Files\Java\jdk1.8.0_202\jre\lib\ext\sunec.jar;C:\Program Files\Java\jdk1.8.0_202\jre\lib\ext\sunjce_provider.jar;C:\Program Files\Java\jdk1.8.0_202\jre\lib\ext\sunmscapi.jar;C:\Program Files\Java\jdk1.8.0_202\jre\lib\ext\sunpkcs11.jar;C:\Program Files\Java\jdk1.8.0_202\jre\lib\ext\zipfs.jar;C:\Program Files\Java\jdk1.8.0_202\jre\lib\javaws.jar;C:\Program Files\Java\jdk1.8.0_202\jre\lib\jce.jar;C:\Program Files\Java\jdk1.8.0_202\jre\lib\jfr.jar;C:\Program Files\Java\jdk1.8.0_202\jre\lib\jfxswt.jar;C:\Program Files\Java\jdk1.8.0_202\jre\lib\jsse.jar;C:\Program Files\Java\jdk1.8.0_202\jre\lib\management-agent.jar;C:\Program Files\Java\jdk1.8.0_202\jre\lib\plugin.jar;C:\Program Files\Java\jdk1.8.0_202\jre\lib\resources.jar;C:\Program Files\Java\jdk1.8.0_202\jre\lib\rt.jar;C:\Users\idile\IdeaProjects\incomeexperiences\target\test-classes;C:\Users\idile\IdeaProjects\incomeexperiences\target\classes;C:\Users\idile\.m2\repository\org\junit\jupiter\junit-jupiter-engine\5.0.0\junit-jupiter-engine-5.0.0.jar;C:\Users\idile\.m2\repository\org\apiguardian\apiguardian-api\1.0.0\apiguardian-api-1.0.0.jar;C:\Users\idile\.m2\repository\org\junit\platform\junit-platform-engine\1.0.0\junit-platform-engine-1.0.0.jar;C:\Users\idile\.m2\repository\org\junit\platform\junit-platform-commons\1.0.0\junit-platform-commons-1.0.0.jar;C:\Users\idile\.m2\repository\org\opentest4j\opentest4j\1.0.0\opentest4j-1.0.0.jar;C:\Users\idile\.m2\repository\org\junit\jupiter\junit-jupiter-api\5.0.0\junit-jupiter-api-5.0.0.jar;C:\Users\idile\.m2\repository\junit\junit\4.12\junit-4.12.jar;C:\Users\idile\.m2\repository\org\hamcrest\hamcrest-core\1.3\hamcrest-core-1.3.jar;C:\Users\idile\.m2\repository\org\junit\platform\junit-platform-runner\1.0.0\junit-platform-runner-1.0.0.jar;C:\Users\idile\.m2\repository\org\junit\platform\junit-platform-launcher\1.0.0\junit-platform-launcher-1.0.0.jar;C:\Users\idile\.m2\repository\org\junit\platform\junit-platform-suite-api\1.0.0\junit-platform-suite-api-1.0.0.jar;C:\Users\idile\.m2\repository\org\junit\vintage\junit-vintage-engine\4.12.0\junit-vintage-engine-4.12.0.jar;C:\Users\idile\.m2\repository\javax\javaee-web-api\7.0\javaee-web-api-7.0.jar;C:\Users\idile\.m2\repository\org\apache\logging\log4j\log4j-api\2.10.0\log4j-api-2.10.0.jar;C:\Users\idile\.m2\repository\org\apache\logging\log4j\log4j-core\2.10.0\log4j-core-2.10.0.jar;C:\Users\idile\.m2\repository\org\hibernate\hibernate-core\5.2.12.Final\hibernate-core-5.2.12.Final.jar;C:\Users\idile\.m2\repository\org\jboss\logging\jboss-logging\3.3.0.Final\jboss-logging-3.3.0.Final.jar;C:\Users\idile\.m2\repository\org\hibernate\javax\persistence\hibernate-jpa-2.1-api\1.0.0.Final\hibernate-jpa-2.1-api-1.0.0.Final.jar;C:\Users\idile\.m2\repository\org\javassist\javassist\3.20.0-GA\javassist-3.20.0-GA.jar;C:\Users\idile\.m2\repository\antlr\antlr\2.7.7\antlr-2.7.7.jar;C:\Users\idile\.m2\repository\org\jboss\spec\javax\transaction\jboss-transaction-api_1.2_spec\1.0.1.Final\jboss-transaction-api_1.2_spec-1.0.1.Final.jar;C:\Users\idile\.m2\repository\org\jboss\jandex\2.0.3.Final\jandex-2.0.3.Final.jar;C:\Users\idile\.m2\repository\com\fasterxml\classmate\1.3.0\classmate-1.3.0.jar;C:\Users\idile\.m2\repository\dom4j\dom4j\1.6.1\dom4j-1.6.1.jar;C:\Users\idile\.m2\repository\org\hibernate\common\hibernate-commons-annotations\5.0.1.Final\hibernate-commons-annotations-5.0.1.Final.jar;C:\Users\idile\.m2\repository\org\hibernate\hibernate-c3p0\5.2.12.Final\hibernate-c3p0-5.2.12.Final.jar;C:\Users\idile\.m2\repository\com\mchange\c3p0\0.9.5.2\c3p0-0.9.5.2.jar;C:\Users\idile\.m2\repository\com\mchange\mchange-commons-java\0.2.11\mchange-commons-java-0.2.11.jar;C:\Users\idile\.m2\repository\mysql\mysql-connector-java\5.1.39\mysql-connector-java-5.1.39.jar;C:\Users\idile\.m2\repository\jstl\jstl\1.2\jstl-1.2.jar;C:\Program Files\JetBrains\IntelliJ IDEA 2018.3.3\lib\idea_rt.jar, java.vm.vendor=Oracle Corporation, sun.arch.data.model=64, idea.test.cyclic.buffer.size=1048576, user.variant=, java.vendor.url=http://java.oracle.com/, user.timezone=America/Chicago, os.name=Windows 10, java.vm.specification.version=1.8, user.country=US, sun.java.launcher=SUN_STANDARD, sun.boot.library.path=C:\Program Files\Java\jdk1.8.0_202\jre\bin, sun.java.command=com.intellij.rt.execution.junit.JUnitStarter -ideVersion5 -junit5 @w@C:\Users\idile\AppData\Local\Temp\idea_working_dirs_junit.tmp @C:\Users\idile\AppData\Local\Temp\idea_junit.tmp -socket61761, sun.cpu.endian=little, hibernate.c3p0.max_statements=50, user.home=C:\Users\idile, user.language=en, java.specification.vendor=Oracle Corporation, java.home=C:\Program Files\Java\jdk1.8.0_202\jre, file.separator=\, line.separator=
, hibernate.c3p0.timeout=300, java.vm.specification.vendor=Oracle Corporation, java.specification.name=Java Platform API Specification, java.awt.graphicsenv=sun.awt.Win32GraphicsEnvironment, sun.boot.class.path=C:\Program Files\Java\jdk1.8.0_202\jre\lib\resources.jar;C:\Program Files\Java\jdk1.8.0_202\jre\lib\rt.jar;C:\Program Files\Java\jdk1.8.0_202\jre\lib\sunrsasign.jar;C:\Program Files\Java\jdk1.8.0_202\jre\lib\jsse.jar;C:\Program Files\Java\jdk1.8.0_202\jre\lib\jce.jar;C:\Program Files\Java\jdk1.8.0_202\jre\lib\charsets.jar;C:\Program Files\Java\jdk1.8.0_202\jre\lib\jfr.jar;C:\Program Files\Java\jdk1.8.0_202\jre\classes, user.script=, connection.password=NOT1special, sun.management.compiler=HotSpot 64-Bit Tiered Compilers, hibernate.c3p0.max_size=20, java.runtime.version=1.8.0_202-b08, user.name=idile, path.separator=;, hibernate.connection.username=hlaandahl, os.version=10.0, java.endorsed.dirs=C:\Program Files\Java\jdk1.8.0_202\jre\lib\endorsed, java.runtime.name=Java(TM) SE Runtime Environment, hibernate.connection.url=jdbc:mysql://localhost:3306/test_income_experiences, file.encoding=UTF-8, java.vm.name=Java HotSpot(TM) 64-Bit Server VM, hibernate.connection.driver_class=com.mysql.jdbc.Driver, java.vendor.url.bug=http://bugreport.sun.com/bugreport/, java.io.tmpdir=C:\Users\idile\AppData\Local\Temp\, java.version=1.8.0_202, user.dir=C:\Users\idile\IdeaProjects\incomeexperiences, os.arch=amd64, connection.username=hlaandahl, java.vm.specification.name=Java Virtual Machine Specification, hibernate.connection.password=****, java.awt.printerjob=sun.awt.windows.WPrinterJob, sun.os.patch.level=, connection.driver_class=com.mysql.jdbc.Driver, hibernate.boot.CfgXmlAccessService.key=org.hibernate.boot.cfgxml.spi.LoadedConfig@6b5176f2, java.library.path=C:\Program Files\Java\jdk1.8.0_202\bin;C:\WINDOWS\Sun\Java\bin;C:\WINDOWS\system32;C:\WINDOWS;C:\Program Files (x86)\Common Files\Oracle\Java\javapath;C:\Program Files (x86)\Intel\iCLS Client\;C:\Program Files\Intel\iCLS Client\;C:\Windows\system32;C:\Windows;C:\Windows\System32\Wbem;C:\Windows\System32\WindowsPowerShell\v1.0\;C:\Program Files (x86)\Intel\Intel(R) Management Engine Components\DAL;C:\Program Files\Intel\Intel(R) Management Engine Components\DAL;C:\Program Files (x86)\Intel\Intel(R) Management Engine Components\IPT;C:\Program Files\Intel\Intel(R) Management Engine Components\IPT;C:\Program Files (x86)\NVIDIA Corporation\PhysX\Common;C:\Program Files\Intel\WiFi\bin\;C:\Program Files\Common Files\Intel\WirelessCommon\;C:\WINDOWS\system32;C:\WINDOWS;C:\WINDOWS\System32\Wbem;C:\WINDOWS\System32\WindowsPowerShell\v1.0\;C:\WINDOWS\System32\OpenSSH\;C:\Program Files\Git\cmd;C:\Users\idile\AppData\Local\Microsoft\WindowsApps;C:\Users\idile\AppData\Local\atom\bin;C:\Users\idile\AppData\Local\Microsoft\WindowsApps;., java.vm.info=mixed mode, java.vendor=Oracle Corporation, java.vm.version=25.202-b08, hibernate.bytecode.use_reflection_optimizer=false, java.ext.dirs=C:\Program Files\Java\jdk1.8.0_202\jre\lib\ext;C:\WINDOWS\Sun\Java\lib\ext, sun.io.unicode.encoding=UnicodeLittle, connection.url=jdbc:mysql://localhost:3306/test_income_experiences, java.class.version=52.0}
[DEBUG] 2019-02-25 19:07:47.229 [main] TypeSafeActivator - Unable to acquire Bean Validation ValidatorFactory, skipping activation
[DEBUG] 2019-02-25 19:07:47.230 [main] JaccIntegrator - Skipping JACC integration as it was not enabled
[DEBUG] 2019-02-25 19:07:47.233 [main] SessionFactoryImpl - Instantiated session factory
[DEBUG] 2019-02-25 19:07:47.346 [main] ClassLoaderAccessImpl - Not known whether passed class name [com.heidiaandahl.entity.User] is safe
[DEBUG] 2019-02-25 19:07:47.346 [main] ClassLoaderAccessImpl - No temp ClassLoader provided; using live ClassLoader for loading potentially unsafe class : com.heidiaandahl.entity.User
[DEBUG] 2019-02-25 19:07:47.382 [main] ClassLoaderAccessImpl - Not known whether passed class name [com.heidiaandahl.entity.User] is safe
[DEBUG] 2019-02-25 19:07:47.382 [main] ClassLoaderAccessImpl - No temp ClassLoader provided; using live ClassLoader for loading potentially unsafe class : com.heidiaandahl.entity.User
[DEBUG] 2019-02-25 19:07:47.500 [main] AbstractEntityPersister - Static SQL for entity: com.heidiaandahl.entity.User
[DEBUG] 2019-02-25 19:07:47.500 [main] AbstractEntityPersister -  Version select: select id from user where id =?
[DEBUG] 2019-02-25 19:07:47.500 [main] AbstractEntityPersister -  Snapshot select: select user_.id, user_.password as password2_0_, user_.role_id as role_id3_0_, user_.username as username4_0_ from user user_ where user_.id=?
[DEBUG] 2019-02-25 19:07:47.500 [main] AbstractEntityPersister -  Insert 0: insert into user (password, role_id, username, id) values (?, ?, ?, ?)
[DEBUG] 2019-02-25 19:07:47.500 [main] AbstractEntityPersister -  Update 0: update user set password=?, role_id=?, username=? where id=?
[DEBUG] 2019-02-25 19:07:47.500 [main] AbstractEntityPersister -  Delete 0: delete from user where id=?
[DEBUG] 2019-02-25 19:07:47.500 [main] AbstractEntityPersister -  Identity insert: insert into user (password, role_id, username) values (?, ?, ?)
[DEBUG] 2019-02-25 19:07:47.554 [main] QuerySpacesImpl - Adding QuerySpace : uid = <gen:0> -> org.hibernate.loader.plan.build.internal.spaces.EntityQuerySpaceImpl@64b31700]
[DEBUG] 2019-02-25 19:07:47.554 [main] MetamodelGraphWalker - Visiting attribute path : password
[DEBUG] 2019-02-25 19:07:47.554 [main] MetamodelGraphWalker - Visiting attribute path : role
[DEBUG] 2019-02-25 19:07:47.554 [main] MetamodelGraphWalker - Visiting attribute path : username
[DEBUG] 2019-02-25 19:07:47.554 [main] FetchStyleLoadPlanBuildingAssociationVisitationStrategy - Building LoadPlan...
[DEBUG] 2019-02-25 19:07:47.591 [main] LoadQueryJoinAndFetchProcessor - processing queryspace <gen:0>
[DEBUG] 2019-02-25 19:07:47.602 [main] LoadPlanTreePrinter - LoadPlan(entity=com.heidiaandahl.entity.User)
    - Returns
       - EntityReturnImpl(entity=com.heidiaandahl.entity.User, querySpaceUid=<gen:0>, path=com.heidiaandahl.entity.User)
    - QuerySpaces
       - EntityQuerySpaceImpl(uid=<gen:0>, entity=com.heidiaandahl.entity.User)
          - SQL table alias mapping - user0_
          - alias suffix - 0_
          - suffixed key columns - {id1_0_0_}

[DEBUG] 2019-02-25 19:07:47.606 [main] EntityLoader - Static select for entity com.heidiaandahl.entity.User [NONE]: select user0_.id as id1_0_0_, user0_.password as password2_0_0_, user0_.role_id as role_id3_0_0_, user0_.username as username4_0_0_ from user user0_ where user0_.id=?
[DEBUG] 2019-02-25 19:07:47.606 [main] QuerySpacesImpl - Adding QuerySpace : uid = <gen:0> -> org.hibernate.loader.plan.build.internal.spaces.EntityQuerySpaceImpl@44ea608c]
[DEBUG] 2019-02-25 19:07:47.606 [main] MetamodelGraphWalker - Visiting attribute path : password
[DEBUG] 2019-02-25 19:07:47.606 [main] MetamodelGraphWalker - Visiting attribute path : role
[DEBUG] 2019-02-25 19:07:47.606 [main] MetamodelGraphWalker - Visiting attribute path : username
[DEBUG] 2019-02-25 19:07:47.606 [main] FetchStyleLoadPlanBuildingAssociationVisitationStrategy - Building LoadPlan...
[DEBUG] 2019-02-25 19:07:47.606 [main] LoadQueryJoinAndFetchProcessor - processing queryspace <gen:0>
[DEBUG] 2019-02-25 19:07:47.606 [main] LoadPlanTreePrinter - LoadPlan(entity=com.heidiaandahl.entity.User)
    - Returns
       - EntityReturnImpl(entity=com.heidiaandahl.entity.User, querySpaceUid=<gen:0>, path=com.heidiaandahl.entity.User)
    - QuerySpaces
       - EntityQuerySpaceImpl(uid=<gen:0>, entity=com.heidiaandahl.entity.User)
          - SQL table alias mapping - user0_
          - alias suffix - 0_
          - suffixed key columns - {id1_0_0_}

[DEBUG] 2019-02-25 19:07:47.606 [main] EntityLoader - Static select for entity com.heidiaandahl.entity.User [READ]: select user0_.id as id1_0_0_, user0_.password as password2_0_0_, user0_.role_id as role_id3_0_0_, user0_.username as username4_0_0_ from user user0_ where user0_.id=?
[DEBUG] 2019-02-25 19:07:47.606 [main] QuerySpacesImpl - Adding QuerySpace : uid = <gen:0> -> org.hibernate.loader.plan.build.internal.spaces.EntityQuerySpaceImpl@450794b4]
[DEBUG] 2019-02-25 19:07:47.606 [main] MetamodelGraphWalker - Visiting attribute path : password
[DEBUG] 2019-02-25 19:07:47.606 [main] MetamodelGraphWalker - Visiting attribute path : role
[DEBUG] 2019-02-25 19:07:47.606 [main] MetamodelGraphWalker - Visiting attribute path : username
[DEBUG] 2019-02-25 19:07:47.606 [main] FetchStyleLoadPlanBuildingAssociationVisitationStrategy - Building LoadPlan...
[DEBUG] 2019-02-25 19:07:47.606 [main] LoadQueryJoinAndFetchProcessor - processing queryspace <gen:0>
[DEBUG] 2019-02-25 19:07:47.606 [main] LoadPlanTreePrinter - LoadPlan(entity=com.heidiaandahl.entity.User)
    - Returns
       - EntityReturnImpl(entity=com.heidiaandahl.entity.User, querySpaceUid=<gen:0>, path=com.heidiaandahl.entity.User)
    - QuerySpaces
       - EntityQuerySpaceImpl(uid=<gen:0>, entity=com.heidiaandahl.entity.User)
          - SQL table alias mapping - user0_
          - alias suffix - 0_
          - suffixed key columns - {id1_0_0_}

[DEBUG] 2019-02-25 19:07:47.612 [main] EntityLoader - Static select for entity com.heidiaandahl.entity.User [UPGRADE]: select user0_.id as id1_0_0_, user0_.password as password2_0_0_, user0_.role_id as role_id3_0_0_, user0_.username as username4_0_0_ from user user0_ where user0_.id=? for update
[DEBUG] 2019-02-25 19:07:47.612 [main] QuerySpacesImpl - Adding QuerySpace : uid = <gen:0> -> org.hibernate.loader.plan.build.internal.spaces.EntityQuerySpaceImpl@30457e14]
[DEBUG] 2019-02-25 19:07:47.612 [main] MetamodelGraphWalker - Visiting attribute path : password
[DEBUG] 2019-02-25 19:07:47.612 [main] MetamodelGraphWalker - Visiting attribute path : role
[DEBUG] 2019-02-25 19:07:47.612 [main] MetamodelGraphWalker - Visiting attribute path : username
[DEBUG] 2019-02-25 19:07:47.612 [main] FetchStyleLoadPlanBuildingAssociationVisitationStrategy - Building LoadPlan...
[DEBUG] 2019-02-25 19:07:47.613 [main] LoadQueryJoinAndFetchProcessor - processing queryspace <gen:0>
[DEBUG] 2019-02-25 19:07:47.613 [main] LoadPlanTreePrinter - LoadPlan(entity=com.heidiaandahl.entity.User)
    - Returns
       - EntityReturnImpl(entity=com.heidiaandahl.entity.User, querySpaceUid=<gen:0>, path=com.heidiaandahl.entity.User)
    - QuerySpaces
       - EntityQuerySpaceImpl(uid=<gen:0>, entity=com.heidiaandahl.entity.User)
          - SQL table alias mapping - user0_
          - alias suffix - 0_
          - suffixed key columns - {id1_0_0_}

[DEBUG] 2019-02-25 19:07:47.613 [main] EntityLoader - Static select for entity com.heidiaandahl.entity.User [UPGRADE_NOWAIT]: select user0_.id as id1_0_0_, user0_.password as password2_0_0_, user0_.role_id as role_id3_0_0_, user0_.username as username4_0_0_ from user user0_ where user0_.id=? for update
[DEBUG] 2019-02-25 19:07:47.613 [main] QuerySpacesImpl - Adding QuerySpace : uid = <gen:0> -> org.hibernate.loader.plan.build.internal.spaces.EntityQuerySpaceImpl@632aa1a3]
[DEBUG] 2019-02-25 19:07:47.613 [main] MetamodelGraphWalker - Visiting attribute path : password
[DEBUG] 2019-02-25 19:07:47.614 [main] MetamodelGraphWalker - Visiting attribute path : role
[DEBUG] 2019-02-25 19:07:47.614 [main] MetamodelGraphWalker - Visiting attribute path : username
[DEBUG] 2019-02-25 19:07:47.614 [main] FetchStyleLoadPlanBuildingAssociationVisitationStrategy - Building LoadPlan...
[DEBUG] 2019-02-25 19:07:47.614 [main] LoadQueryJoinAndFetchProcessor - processing queryspace <gen:0>
[DEBUG] 2019-02-25 19:07:47.615 [main] LoadPlanTreePrinter - LoadPlan(entity=com.heidiaandahl.entity.User)
    - Returns
       - EntityReturnImpl(entity=com.heidiaandahl.entity.User, querySpaceUid=<gen:0>, path=com.heidiaandahl.entity.User)
    - QuerySpaces
       - EntityQuerySpaceImpl(uid=<gen:0>, entity=com.heidiaandahl.entity.User)
          - SQL table alias mapping - user0_
          - alias suffix - 0_
          - suffixed key columns - {id1_0_0_}

[DEBUG] 2019-02-25 19:07:47.615 [main] EntityLoader - Static select for entity com.heidiaandahl.entity.User [UPGRADE_SKIPLOCKED]: select user0_.id as id1_0_0_, user0_.password as password2_0_0_, user0_.role_id as role_id3_0_0_, user0_.username as username4_0_0_ from user user0_ where user0_.id=? for update
[DEBUG] 2019-02-25 19:07:47.615 [main] QuerySpacesImpl - Adding QuerySpace : uid = <gen:0> -> org.hibernate.loader.plan.build.internal.spaces.EntityQuerySpaceImpl@3b582111]
[DEBUG] 2019-02-25 19:07:47.615 [main] MetamodelGraphWalker - Visiting attribute path : password
[DEBUG] 2019-02-25 19:07:47.616 [main] MetamodelGraphWalker - Visiting attribute path : role
[DEBUG] 2019-02-25 19:07:47.616 [main] MetamodelGraphWalker - Visiting attribute path : username
[DEBUG] 2019-02-25 19:07:47.616 [main] FetchStyleLoadPlanBuildingAssociationVisitationStrategy - Building LoadPlan...
[DEBUG] 2019-02-25 19:07:47.616 [main] LoadQueryJoinAndFetchProcessor - processing queryspace <gen:0>
[DEBUG] 2019-02-25 19:07:47.617 [main] LoadPlanTreePrinter - LoadPlan(entity=com.heidiaandahl.entity.User)
    - Returns
       - EntityReturnImpl(entity=com.heidiaandahl.entity.User, querySpaceUid=<gen:0>, path=com.heidiaandahl.entity.User)
    - QuerySpaces
       - EntityQuerySpaceImpl(uid=<gen:0>, entity=com.heidiaandahl.entity.User)
          - SQL table alias mapping - user0_
          - alias suffix - 0_
          - suffixed key columns - {id1_0_0_}

[DEBUG] 2019-02-25 19:07:47.617 [main] EntityLoader - Static select for entity com.heidiaandahl.entity.User [FORCE]: select user0_.id as id1_0_0_, user0_.password as password2_0_0_, user0_.role_id as role_id3_0_0_, user0_.username as username4_0_0_ from user user0_ where user0_.id=? for update
[DEBUG] 2019-02-25 19:07:47.618 [main] QuerySpacesImpl - Adding QuerySpace : uid = <gen:0> -> org.hibernate.loader.plan.build.internal.spaces.EntityQuerySpaceImpl@1e8823d2]
[DEBUG] 2019-02-25 19:07:47.618 [main] MetamodelGraphWalker - Visiting attribute path : password
[DEBUG] 2019-02-25 19:07:47.618 [main] MetamodelGraphWalker - Visiting attribute path : role
[DEBUG] 2019-02-25 19:07:47.618 [main] MetamodelGraphWalker - Visiting attribute path : username
[DEBUG] 2019-02-25 19:07:47.618 [main] FetchStyleLoadPlanBuildingAssociationVisitationStrategy - Building LoadPlan...
[DEBUG] 2019-02-25 19:07:47.618 [main] LoadQueryJoinAndFetchProcessor - processing queryspace <gen:0>
[DEBUG] 2019-02-25 19:07:47.619 [main] LoadPlanTreePrinter - LoadPlan(entity=com.heidiaandahl.entity.User)
    - Returns
       - EntityReturnImpl(entity=com.heidiaandahl.entity.User, querySpaceUid=<gen:0>, path=com.heidiaandahl.entity.User)
    - QuerySpaces
       - EntityQuerySpaceImpl(uid=<gen:0>, entity=com.heidiaandahl.entity.User)
          - SQL table alias mapping - user0_
          - alias suffix - 0_
          - suffixed key columns - {id1_0_0_}

[DEBUG] 2019-02-25 19:07:47.619 [main] EntityLoader - Static select for entity com.heidiaandahl.entity.User [PESSIMISTIC_READ]: select user0_.id as id1_0_0_, user0_.password as password2_0_0_, user0_.role_id as role_id3_0_0_, user0_.username as username4_0_0_ from user user0_ where user0_.id=? lock in share mode
[DEBUG] 2019-02-25 19:07:47.619 [main] QuerySpacesImpl - Adding QuerySpace : uid = <gen:0> -> org.hibernate.loader.plan.build.internal.spaces.EntityQuerySpaceImpl@76b0ae1b]
[DEBUG] 2019-02-25 19:07:47.619 [main] MetamodelGraphWalker - Visiting attribute path : password
[DEBUG] 2019-02-25 19:07:47.619 [main] MetamodelGraphWalker - Visiting attribute path : role
[DEBUG] 2019-02-25 19:07:47.619 [main] MetamodelGraphWalker - Visiting attribute path : username
[DEBUG] 2019-02-25 19:07:47.620 [main] FetchStyleLoadPlanBuildingAssociationVisitationStrategy - Building LoadPlan...
[DEBUG] 2019-02-25 19:07:47.620 [main] LoadQueryJoinAndFetchProcessor - processing queryspace <gen:0>
[DEBUG] 2019-02-25 19:07:47.620 [main] LoadPlanTreePrinter - LoadPlan(entity=com.heidiaandahl.entity.User)
    - Returns
       - EntityReturnImpl(entity=com.heidiaandahl.entity.User, querySpaceUid=<gen:0>, path=com.heidiaandahl.entity.User)
    - QuerySpaces
       - EntityQuerySpaceImpl(uid=<gen:0>, entity=com.heidiaandahl.entity.User)
          - SQL table alias mapping - user0_
          - alias suffix - 0_
          - suffixed key columns - {id1_0_0_}

[DEBUG] 2019-02-25 19:07:47.620 [main] EntityLoader - Static select for entity com.heidiaandahl.entity.User [PESSIMISTIC_WRITE]: select user0_.id as id1_0_0_, user0_.password as password2_0_0_, user0_.role_id as role_id3_0_0_, user0_.username as username4_0_0_ from user user0_ where user0_.id=? for update
[DEBUG] 2019-02-25 19:07:47.620 [main] QuerySpacesImpl - Adding QuerySpace : uid = <gen:0> -> org.hibernate.loader.plan.build.internal.spaces.EntityQuerySpaceImpl@4c432866]
[DEBUG] 2019-02-25 19:07:47.620 [main] MetamodelGraphWalker - Visiting attribute path : password
[DEBUG] 2019-02-25 19:07:47.620 [main] MetamodelGraphWalker - Visiting attribute path : role
[DEBUG] 2019-02-25 19:07:47.621 [main] MetamodelGraphWalker - Visiting attribute path : username
[DEBUG] 2019-02-25 19:07:47.621 [main] FetchStyleLoadPlanBuildingAssociationVisitationStrategy - Building LoadPlan...
[DEBUG] 2019-02-25 19:07:47.621 [main] LoadQueryJoinAndFetchProcessor - processing queryspace <gen:0>
[DEBUG] 2019-02-25 19:07:47.621 [main] LoadPlanTreePrinter - LoadPlan(entity=com.heidiaandahl.entity.User)
    - Returns
       - EntityReturnImpl(entity=com.heidiaandahl.entity.User, querySpaceUid=<gen:0>, path=com.heidiaandahl.entity.User)
    - QuerySpaces
       - EntityQuerySpaceImpl(uid=<gen:0>, entity=com.heidiaandahl.entity.User)
          - SQL table alias mapping - user0_
          - alias suffix - 0_
          - suffixed key columns - {id1_0_0_}

[DEBUG] 2019-02-25 19:07:47.621 [main] EntityLoader - Static select for entity com.heidiaandahl.entity.User [PESSIMISTIC_FORCE_INCREMENT]: select user0_.id as id1_0_0_, user0_.password as password2_0_0_, user0_.role_id as role_id3_0_0_, user0_.username as username4_0_0_ from user user0_ where user0_.id=? for update
[DEBUG] 2019-02-25 19:07:47.622 [main] QuerySpacesImpl - Adding QuerySpace : uid = <gen:0> -> org.hibernate.loader.plan.build.internal.spaces.EntityQuerySpaceImpl@6105f8a3]
[DEBUG] 2019-02-25 19:07:47.622 [main] MetamodelGraphWalker - Visiting attribute path : password
[DEBUG] 2019-02-25 19:07:47.622 [main] MetamodelGraphWalker - Visiting attribute path : role
[DEBUG] 2019-02-25 19:07:47.622 [main] MetamodelGraphWalker - Visiting attribute path : username
[DEBUG] 2019-02-25 19:07:47.622 [main] FetchStyleLoadPlanBuildingAssociationVisitationStrategy - Building LoadPlan...
[DEBUG] 2019-02-25 19:07:47.622 [main] LoadQueryJoinAndFetchProcessor - processing queryspace <gen:0>
[DEBUG] 2019-02-25 19:07:47.623 [main] LoadPlanTreePrinter - LoadPlan(entity=com.heidiaandahl.entity.User)
    - Returns
       - EntityReturnImpl(entity=com.heidiaandahl.entity.User, querySpaceUid=<gen:0>, path=com.heidiaandahl.entity.User)
    - QuerySpaces
       - EntityQuerySpaceImpl(uid=<gen:0>, entity=com.heidiaandahl.entity.User)
          - SQL table alias mapping - user0_
          - alias suffix - 0_
          - suffixed key columns - {id1_0_0_}

[DEBUG] 2019-02-25 19:07:47.623 [main] EntityLoader - Static select for entity com.heidiaandahl.entity.User [OPTIMISTIC]: select user0_.id as id1_0_0_, user0_.password as password2_0_0_, user0_.role_id as role_id3_0_0_, user0_.username as username4_0_0_ from user user0_ where user0_.id=?
[DEBUG] 2019-02-25 19:07:47.623 [main] QuerySpacesImpl - Adding QuerySpace : uid = <gen:0> -> org.hibernate.loader.plan.build.internal.spaces.EntityQuerySpaceImpl@77e2a6e2]
[DEBUG] 2019-02-25 19:07:47.623 [main] MetamodelGraphWalker - Visiting attribute path : password
[DEBUG] 2019-02-25 19:07:47.623 [main] MetamodelGraphWalker - Visiting attribute path : role
[DEBUG] 2019-02-25 19:07:47.623 [main] MetamodelGraphWalker - Visiting attribute path : username
[DEBUG] 2019-02-25 19:07:47.623 [main] FetchStyleLoadPlanBuildingAssociationVisitationStrategy - Building LoadPlan...
[DEBUG] 2019-02-25 19:07:47.623 [main] LoadQueryJoinAndFetchProcessor - processing queryspace <gen:0>
[DEBUG] 2019-02-25 19:07:47.624 [main] LoadPlanTreePrinter - LoadPlan(entity=com.heidiaandahl.entity.User)
    - Returns
       - EntityReturnImpl(entity=com.heidiaandahl.entity.User, querySpaceUid=<gen:0>, path=com.heidiaandahl.entity.User)
    - QuerySpaces
       - EntityQuerySpaceImpl(uid=<gen:0>, entity=com.heidiaandahl.entity.User)
          - SQL table alias mapping - user0_
          - alias suffix - 0_
          - suffixed key columns - {id1_0_0_}

[DEBUG] 2019-02-25 19:07:47.624 [main] EntityLoader - Static select for entity com.heidiaandahl.entity.User [OPTIMISTIC_FORCE_INCREMENT]: select user0_.id as id1_0_0_, user0_.password as password2_0_0_, user0_.role_id as role_id3_0_0_, user0_.username as username4_0_0_ from user user0_ where user0_.id=?
[DEBUG] 2019-02-25 19:07:47.657 [main] Loader - Static select for action ACTION_MERGE on entity com.heidiaandahl.entity.User: select user0_.id as id1_0_0_, user0_.password as password2_0_0_, user0_.role_id as role_id3_0_0_, user0_.username as username4_0_0_ from user user0_ where user0_.id=?
[DEBUG] 2019-02-25 19:07:47.657 [main] Loader - Static select for action ACTION_REFRESH on entity com.heidiaandahl.entity.User: select user0_.id as id1_0_0_, user0_.password as password2_0_0_, user0_.role_id as role_id3_0_0_, user0_.username as username4_0_0_ from user user0_ where user0_.id=?
[DEBUG] 2019-02-25 19:07:47.705 [main] SchemaManagementToolCoordinator - No actions specified; doing nothing
[DEBUG] 2019-02-25 19:07:47.705 [main] JtaPlatformInitiator - No JtaPlatform was specified, checking resolver
[DEBUG] 2019-02-25 19:07:47.705 [main] JtaPlatformResolverInitiator - No JtaPlatformResolver was specified, using default [org.hibernate.engine.transaction.jta.platform.internal.StandardJtaPlatformResolver]
[DEBUG] 2019-02-25 19:07:47.720 [main] StandardJtaPlatformResolver - Could not resolve JtaPlatform, using default [org.hibernate.engine.transaction.jta.platform.internal.NoJtaPlatform]
[DEBUG] 2019-02-25 19:07:47.720 [main] NamedQueryRepository - Checking 0 named HQL queries
[DEBUG] 2019-02-25 19:07:47.720 [main] NamedQueryRepository - Checking 0 named SQL queries
[DEBUG] 2019-02-25 19:07:47.733 [main] SessionFactoryRegistry - Initializing SessionFactoryRegistry : org.hibernate.internal.SessionFactoryRegistry@11ce2e22
[DEBUG] 2019-02-25 19:07:47.737 [main] SessionFactoryRegistry - Registering SessionFactory: 10238905-e4f8-42dc-8cad-b263fceb54e0 (<unnamed>)
[DEBUG] 2019-02-25 19:07:47.737 [main] SessionFactoryRegistry - Not binding SessionFactory to JNDI, no JNDI name configured
[DEBUG] 2019-02-25 19:07:48.173 [main] StatisticsInitiator - Statistics initialized [enabled=false]
[DEBUG] 2019-02-25 19:07:48.204 [main] SQL - select user0_.id as id1_0_0_, user0_.password as password2_0_0_, user0_.role_id as role_id3_0_0_, user0_.username as username4_0_0_ from user user0_ where user0_.id=?
[DEBUG] 2019-02-25 19:07:48.257 [main] ResultSetProcessorImpl - Starting ResultSet row #0
[DEBUG] 2019-02-25 19:07:48.257 [main] EntityReferenceInitializerImpl - On call to EntityIdentifierReaderImpl#resolve, EntityKey was already known; should only happen on root returns with an optional identifier specified
[DEBUG] 2019-02-25 19:07:48.280 [main] TwoPhaseLoad - Resolving associations for [com.heidiaandahl.entity.User#4]
[DEBUG] 2019-02-25 19:07:48.285 [main] TwoPhaseLoad - Done materializing entity [com.heidiaandahl.entity.User#4]
[DEBUG] 2019-02-25 19:07:48.285 [main] ResourceRegistryStandardImpl - HHH000387: ResultSet's statement was not registered
[DEBUG] 2019-02-25 19:07:48.285 [main] AbstractLoadPlanBasedEntityLoader - Done entity load : com.heidiaandahl.entity.User#4
[DEBUG] 2019-02-25 19:07:48.285 [main] LogicalConnectionManagedImpl - Initiating JDBC connection release from afterTransaction
[DEBUG] 2019-02-25 19:07:48.292 [main] TransactionImpl - begin
[DEBUG] 2019-02-25 19:07:48.311 [main] TransactionImpl - committing
[DEBUG] 2019-02-25 19:07:48.312 [main] AbstractFlushingEventListener - Processing flush-time cascades
[DEBUG] 2019-02-25 19:07:48.313 [main] AbstractFlushingEventListener - Dirty checking collections
[DEBUG] 2019-02-25 19:07:48.316 [main] AbstractFlushingEventListener - Flushed: 0 insertions, 0 updates, 1 deletions to 1 objects
[DEBUG] 2019-02-25 19:07:48.316 [main] AbstractFlushingEventListener - Flushed: 0 (re)creations, 0 updates, 0 removals to 0 collections
[DEBUG] 2019-02-25 19:07:48.318 [main] EntityPrinter - Listing entities:
[DEBUG] 2019-02-25 19:07:48.318 [main] EntityPrinter - com.heidiaandahl.entity.User{password=password3, role=4, id=4, username=jen}
[DEBUG] 2019-02-25 19:07:48.334 [main] SQL - delete from user where id=?
[DEBUG] 2019-02-25 19:07:48.345 [main] LogicalConnectionManagedImpl - Initiating JDBC connection release from afterTransaction
[DEBUG] 2019-02-25 19:07:48.347 [main] LogicalConnectionManagedImpl - Initiating JDBC connection release from afterTransaction
[DEBUG] 2019-02-25 19:07:48.347 [main] JdbcCoordinatorImpl - HHH000420: Closing un-released batch
[DEBUG] 2019-02-25 19:07:48.348 [main] SQL - select user0_.id as id1_0_0_, user0_.password as password2_0_0_, user0_.role_id as role_id3_0_0_, user0_.username as username4_0_0_ from user user0_ where user0_.id=?
[DEBUG] 2019-02-25 19:07:48.349 [main] ResourceRegistryStandardImpl - HHH000387: ResultSet's statement was not registered
[DEBUG] 2019-02-25 19:07:48.349 [main] AbstractLoadPlanBasedEntityLoader - Done entity load : com.heidiaandahl.entity.User#4
[DEBUG] 2019-02-25 19:07:48.349 [main] LogicalConnectionManagedImpl - Initiating JDBC connection release from afterTransaction
[DEBUG] 2019-02-25 19:07:48.663 [main] CriteriaQueryImpl - Rendered criteria query -> select generatedAlias0 from User as generatedAlias0 where generatedAlias0.username=:param0
[DEBUG] 2019-02-25 19:07:48.696 [main] QueryTranslatorFactoryInitiator - QueryTranslatorFactory : org.hibernate.hql.internal.ast.ASTQueryTranslatorFactory@6df7988f
[INFO ] 2019-02-25 19:07:48.696 [main] QueryTranslatorFactoryInitiator - HHH000397: Using ASTQueryTranslatorFactory
[DEBUG] 2019-02-25 19:07:48.773 [main] QueryTranslatorImpl - parse() - HQL: select generatedAlias0 from com.heidiaandahl.entity.User as generatedAlias0 where generatedAlias0.username=:param0
[DEBUG] 2019-02-25 19:07:48.784 [main] ErrorCounter - throwQueryException() : no errors
[DEBUG] 2019-02-25 19:07:48.789 [main] QueryTranslatorImpl - --- HQL AST ---
 \-[QUERY] Node: 'query'
    +-[SELECT_FROM] Node: 'SELECT_FROM'
    |  +-[FROM] Node: 'from'
    |  |  \-[RANGE] Node: 'RANGE'
    |  |     +-[DOT] Node: '.'
    |  |     |  +-[DOT] Node: '.'
    |  |     |  |  +-[DOT] Node: '.'
    |  |     |  |  |  +-[IDENT] Node: 'com'
    |  |     |  |  |  \-[IDENT] Node: 'heidiaandahl'
    |  |     |  |  \-[IDENT] Node: 'entity'
    |  |     |  \-[IDENT] Node: 'User'
    |  |     \-[ALIAS] Node: 'generatedAlias0'
    |  \-[SELECT] Node: 'select'
    |     \-[IDENT] Node: 'generatedAlias0'
    \-[WHERE] Node: 'where'
       \-[EQ] Node: '='
          +-[DOT] Node: '.'
          |  +-[IDENT] Node: 'generatedAlias0'
          |  \-[IDENT] Node: 'username'
          \-[COLON] Node: ':'
             \-[IDENT] Node: 'param0'

[DEBUG] 2019-02-25 19:07:48.835 [main] HqlSqlBaseWalker - select << begin [level=1, statement=select]
[DEBUG] 2019-02-25 19:07:48.853 [main] FromElement - FromClause{level=1} : com.heidiaandahl.entity.User (generatedAlias0) -> user0_
[DEBUG] 2019-02-25 19:07:48.853 [main] FromReferenceNode - Resolved : generatedAlias0 -> user0_.id
[DEBUG] 2019-02-25 19:07:48.871 [main] FromReferenceNode - Resolved : generatedAlias0 -> user0_.id
[DEBUG] 2019-02-25 19:07:48.871 [main] DotNode - getDataType() : username -> org.hibernate.type.StringType@5c86dbc5
[DEBUG] 2019-02-25 19:07:48.871 [main] FromReferenceNode - Resolved : generatedAlias0.username -> user0_.username
[DEBUG] 2019-02-25 19:07:48.871 [main] HqlSqlBaseWalker - select : finishing up [level=1, statement=select]
[DEBUG] 2019-02-25 19:07:48.871 [main] HqlSqlWalker - processQuery() :  ( SELECT ( {select clause} user0_.id ) ( FromClause{level=1} user user0_ ) ( where ( = ( user0_.username user0_.id username ) ? ) ) )
[DEBUG] 2019-02-25 19:07:48.889 [main] JoinProcessor - Using FROM fragment [user user0_]
[DEBUG] 2019-02-25 19:07:48.889 [main] HqlSqlBaseWalker - select >> end [level=1, statement=select]
[DEBUG] 2019-02-25 19:07:48.889 [main] QueryTranslatorImpl - --- SQL AST ---
 \-[SELECT] QueryNode: 'SELECT'  querySpaces (user)
    +-[SELECT_CLAUSE] SelectClause: '{select clause}'
    |  +-[ALIAS_REF] IdentNode: 'user0_.id as id1_0_' {alias=generatedAlias0, className=com.heidiaandahl.entity.User, tableAlias=user0_}
    |  \-[SQL_TOKEN] SqlFragment: 'user0_.password as password2_0_, user0_.role_id as role_id3_0_, user0_.username as username4_0_'
    +-[FROM] FromClause: 'from' FromClause{level=1, fromElementCounter=1, fromElements=1, fromElementByClassAlias=[generatedAlias0], fromElementByTableAlias=[user0_], fromElementsByPath=[], collectionJoinFromElementsByPath=[], impliedElements=[]}
    |  \-[FROM_FRAGMENT] FromElement: 'user user0_' FromElement{explicit,not a collection join,not a fetch join,fetch non-lazy properties,classAlias=generatedAlias0,role=null,tableName=user,tableAlias=user0_,origin=null,columns={,className=com.heidiaandahl.entity.User}}
    \-[WHERE] SqlNode: 'where'
       \-[EQ] BinaryLogicOperatorNode: '='
          +-[DOT] DotNode: 'user0_.username' {propertyName=username,dereferenceType=PRIMITIVE,getPropertyPath=username,path=generatedAlias0.username,tableAlias=user0_,className=com.heidiaandahl.entity.User,classAlias=generatedAlias0}
          |  +-[ALIAS_REF] IdentNode: 'user0_.id' {alias=generatedAlias0, className=com.heidiaandahl.entity.User, tableAlias=user0_}
          |  \-[IDENT] IdentNode: 'username' {originalText=username}
          \-[NAMED_PARAM] ParameterNode: '?' {name=param0, expectedType=org.hibernate.type.StringType@5c86dbc5}

[DEBUG] 2019-02-25 19:07:48.889 [main] ErrorCounter - throwQueryException() : no errors
[DEBUG] 2019-02-25 19:07:48.905 [main] QueryTranslatorImpl - HQL: select generatedAlias0 from com.heidiaandahl.entity.User as generatedAlias0 where generatedAlias0.username=:param0
[DEBUG] 2019-02-25 19:07:48.905 [main] QueryTranslatorImpl - SQL: select user0_.id as id1_0_, user0_.password as password2_0_, user0_.role_id as role_id3_0_, user0_.username as username4_0_ from user user0_ where user0_.username=?
[DEBUG] 2019-02-25 19:07:48.905 [main] ErrorCounter - throwQueryException() : no errors
[DEBUG] 2019-02-25 19:07:48.932 [main] SQL - select user0_.id as id1_0_, user0_.password as password2_0_, user0_.role_id as role_id3_0_, user0_.username as username4_0_ from user user0_ where user0_.username=?
[DEBUG] 2019-02-25 19:07:48.939 [main] Loader - Result set row: 0
[DEBUG] 2019-02-25 19:07:48.939 [main] Loader - Result row: EntityKey[com.heidiaandahl.entity.User#3]
[DEBUG] 2019-02-25 19:07:48.939 [main] TwoPhaseLoad - Resolving associations for [com.heidiaandahl.entity.User#3]
[DEBUG] 2019-02-25 19:07:48.939 [main] TwoPhaseLoad - Done materializing entity [com.heidiaandahl.entity.User#3]
[DEBUG] 2019-02-25 19:07:48.943 [main] LogicalConnectionManagedImpl - Initiating JDBC connection release from afterTransaction
[DEBUG] 2019-02-25 19:07:49.175 [main] TransactionImpl - begin
[DEBUG] 2019-02-25 19:07:49.184 [main] ActionQueue - Executing identity-insert immediately
[DEBUG] 2019-02-25 19:07:49.186 [main] SQL - insert into user (password, role_id, username) values (?, ?, ?)
[DEBUG] 2019-02-25 19:07:49.196 [main] IdentifierGeneratorHelper - Natively generated identity: 9
[DEBUG] 2019-02-25 19:07:49.197 [main] ResourceRegistryStandardImpl - HHH000387: ResultSet's statement was not registered
[DEBUG] 2019-02-25 19:07:49.199 [main] TransactionImpl - committing
[DEBUG] 2019-02-25 19:07:49.199 [main] AbstractFlushingEventListener - Processing flush-time cascades
[DEBUG] 2019-02-25 19:07:49.199 [main] AbstractFlushingEventListener - Dirty checking collections
[DEBUG] 2019-02-25 19:07:49.199 [main] AbstractFlushingEventListener - Flushed: 0 insertions, 0 updates, 0 deletions to 1 objects
[DEBUG] 2019-02-25 19:07:49.199 [main] AbstractFlushingEventListener - Flushed: 0 (re)creations, 0 updates, 0 removals to 0 collections
[DEBUG] 2019-02-25 19:07:49.199 [main] EntityPrinter - Listing entities:
[DEBUG] 2019-02-25 19:07:49.199 [main] EntityPrinter - com.heidiaandahl.entity.User{password=password9, role=2, id=9, username=anne}
[DEBUG] 2019-02-25 19:07:49.201 [main] LogicalConnectionManagedImpl - Initiating JDBC connection release from afterTransaction
[DEBUG] 2019-02-25 19:07:49.202 [main] LogicalConnectionManagedImpl - Initiating JDBC connection release from afterTransaction
[DEBUG] 2019-02-25 19:07:49.204 [main] SQL - select user0_.id as id1_0_0_, user0_.password as password2_0_0_, user0_.role_id as role_id3_0_0_, user0_.username as username4_0_0_ from user user0_ where user0_.id=?
[DEBUG] 2019-02-25 19:07:49.206 [main] ResultSetProcessorImpl - Starting ResultSet row #0
[DEBUG] 2019-02-25 19:07:49.206 [main] EntityReferenceInitializerImpl - On call to EntityIdentifierReaderImpl#resolve, EntityKey was already known; should only happen on root returns with an optional identifier specified
[DEBUG] 2019-02-25 19:07:49.207 [main] TwoPhaseLoad - Resolving associations for [com.heidiaandahl.entity.User#9]
[DEBUG] 2019-02-25 19:07:49.208 [main] TwoPhaseLoad - Done materializing entity [com.heidiaandahl.entity.User#9]
[DEBUG] 2019-02-25 19:07:49.208 [main] ResourceRegistryStandardImpl - HHH000387: ResultSet's statement was not registered
[DEBUG] 2019-02-25 19:07:49.208 [main] AbstractLoadPlanBasedEntityLoader - Done entity load : com.heidiaandahl.entity.User#9
[DEBUG] 2019-02-25 19:07:49.209 [main] LogicalConnectionManagedImpl - Initiating JDBC connection release from afterTransaction
[DEBUG] 2019-02-25 19:07:49.609 [main] SQL - select user0_.id as id1_0_0_, user0_.password as password2_0_0_, user0_.role_id as role_id3_0_0_, user0_.username as username4_0_0_ from user user0_ where user0_.id=?
[DEBUG] 2019-02-25 19:07:49.614 [main] ResultSetProcessorImpl - Starting ResultSet row #0
[DEBUG] 2019-02-25 19:07:49.614 [main] EntityReferenceInitializerImpl - On call to EntityIdentifierReaderImpl#resolve, EntityKey was already known; should only happen on root returns with an optional identifier specified
[DEBUG] 2019-02-25 19:07:49.615 [main] TwoPhaseLoad - Resolving associations for [com.heidiaandahl.entity.User#2]
[DEBUG] 2019-02-25 19:07:49.615 [main] TwoPhaseLoad - Done materializing entity [com.heidiaandahl.entity.User#2]
[DEBUG] 2019-02-25 19:07:49.615 [main] ResourceRegistryStandardImpl - HHH000387: ResultSet's statement was not registered
[DEBUG] 2019-02-25 19:07:49.615 [main] AbstractLoadPlanBasedEntityLoader - Done entity load : com.heidiaandahl.entity.User#2
[DEBUG] 2019-02-25 19:07:49.616 [main] LogicalConnectionManagedImpl - Initiating JDBC connection release from afterTransaction
[DEBUG] 2019-02-25 19:07:49.840 [main] SQL - select user0_.id as id1_0_0_, user0_.password as password2_0_0_, user0_.role_id as role_id3_0_0_, user0_.username as username4_0_0_ from user user0_ where user0_.id=?
[DEBUG] 2019-02-25 19:07:49.844 [main] ResultSetProcessorImpl - Starting ResultSet row #0
[DEBUG] 2019-02-25 19:07:49.844 [main] EntityReferenceInitializerImpl - On call to EntityIdentifierReaderImpl#resolve, EntityKey was already known; should only happen on root returns with an optional identifier specified
[DEBUG] 2019-02-25 19:07:49.845 [main] TwoPhaseLoad - Resolving associations for [com.heidiaandahl.entity.User#8]
[DEBUG] 2019-02-25 19:07:49.845 [main] TwoPhaseLoad - Done materializing entity [com.heidiaandahl.entity.User#8]
[DEBUG] 2019-02-25 19:07:49.845 [main] ResourceRegistryStandardImpl - HHH000387: ResultSet's statement was not registered
[DEBUG] 2019-02-25 19:07:49.845 [main] AbstractLoadPlanBasedEntityLoader - Done entity load : com.heidiaandahl.entity.User#8
[DEBUG] 2019-02-25 19:07:49.845 [main] LogicalConnectionManagedImpl - Initiating JDBC connection release from afterTransaction
[DEBUG] 2019-02-25 19:07:49.846 [main] TransactionImpl - begin
[DEBUG] 2019-02-25 19:07:49.848 [main] TransactionImpl - committing
[DEBUG] 2019-02-25 19:07:49.848 [main] AbstractFlushingEventListener - Processing flush-time cascades
[DEBUG] 2019-02-25 19:07:49.848 [main] AbstractFlushingEventListener - Dirty checking collections
[DEBUG] 2019-02-25 19:07:49.848 [main] AbstractFlushingEventListener - Flushed: 0 insertions, 1 updates, 0 deletions to 1 objects
[DEBUG] 2019-02-25 19:07:49.848 [main] AbstractFlushingEventListener - Flushed: 0 (re)creations, 0 updates, 0 removals to 0 collections
[DEBUG] 2019-02-25 19:07:49.848 [main] EntityPrinter - Listing entities:
[DEBUG] 2019-02-25 19:07:49.848 [main] EntityPrinter - com.heidiaandahl.entity.User{password=password7, role=3, id=8, username=mary}
[DEBUG] 2019-02-25 19:07:49.848 [main] SQL - update user set password=?, role_id=?, username=? where id=?
[DEBUG] 2019-02-25 19:07:49.855 [main] LogicalConnectionManagedImpl - Initiating JDBC connection release from afterTransaction
[DEBUG] 2019-02-25 19:07:49.856 [main] LogicalConnectionManagedImpl - Initiating JDBC connection release from afterTransaction
[DEBUG] 2019-02-25 19:07:49.856 [main] JdbcCoordinatorImpl - HHH000420: Closing un-released batch
[DEBUG] 2019-02-25 19:07:49.857 [main] SQL - select user0_.id as id1_0_0_, user0_.password as password2_0_0_, user0_.role_id as role_id3_0_0_, user0_.username as username4_0_0_ from user user0_ where user0_.id=?
[DEBUG] 2019-02-25 19:07:49.858 [main] ResultSetProcessorImpl - Starting ResultSet row #0
[DEBUG] 2019-02-25 19:07:49.858 [main] EntityReferenceInitializerImpl - On call to EntityIdentifierReaderImpl#resolve, EntityKey was already known; should only happen on root returns with an optional identifier specified
[DEBUG] 2019-02-25 19:07:49.858 [main] TwoPhaseLoad - Resolving associations for [com.heidiaandahl.entity.User#8]
[DEBUG] 2019-02-25 19:07:49.858 [main] TwoPhaseLoad - Done materializing entity [com.heidiaandahl.entity.User#8]
[DEBUG] 2019-02-25 19:07:49.859 [main] ResourceRegistryStandardImpl - HHH000387: ResultSet's statement was not registered
[DEBUG] 2019-02-25 19:07:49.859 [main] AbstractLoadPlanBasedEntityLoader - Done entity load : com.heidiaandahl.entity.User#8
[DEBUG] 2019-02-25 19:07:49.859 [main] LogicalConnectionManagedImpl - Initiating JDBC connection release from afterTransaction
